A51 MACRO ASSEMBLER  TIMER_1_MODE_1                                                       02/06/2021 15:28:49 PAGE     1


MACRO ASSEMBLER A51 V8.2.5.0
OBJECT MODULE PLACED IN .\Objects\timer_1_mode_1.obj
ASSEMBLER INVOKED BY: C:\Keil_v5\C51\BIN\A51.EXE timer_1_mode_1.asm SET(SMALL) DEBUG PRINT(.\Listings\timer_1_mode_1.lst
                      ) OBJECT(.\Objects\timer_1_mode_1.obj) EP

LOC  OBJ            LINE     SOURCE

                       1     ; using Timer 1 in Mode 1 config (16 Bit counter)

                       2     

0000 759000            3     MOV P1,#00H 

0003 758910            4     MOV TMOD,#10H

                       5     

0006                   6     MAIN:

0006 758BFC            7             MOV TL1,#0FCH

0009 758D18            8             MOV TH1,#18H 

000C D28E              9         SETB  TR1 

000E B290             10             CPL P1.0 

0010 1114             11             ACALL DELAY 

0012 80F2             12             SJMP MAIN 

0014                  13     DELAY: 

0014 308FFD           14             JNB TF1,DELAY 

0017 C28E             15         CLR TR1 

0019 C28F             16         CLR TF1 

001B 22               17             RET 

                      18     END 

A51 MACRO ASSEMBLER  TIMER_1_MODE_1                                                       02/06/2021 15:28:49 PAGE     2

SYMBOL TABLE LISTING
------ ----- -------


N A M E             T Y P E  V A L U E   ATTRIBUTES

DELAY. . . . . . .  C ADDR   0014H   A   
MAIN . . . . . . .  C ADDR   0006H   A   
P1 . . . . . . . .  D ADDR   0090H   A   
TF1. . . . . . . .  B ADDR   0088H.7 A   
TH1. . . . . . . .  D ADDR   008DH   A   
TL1. . . . . . . .  D ADDR   008BH   A   
TMOD . . . . . . .  D ADDR   0089H   A   
TR1. . . . . . . .  B ADDR   0088H.6 A   


REGISTER BANK(S) USED: 0 


ASSEMBLY COMPLETE.  0 WARNING(S), 0 ERROR(S)
