
*** Running vivado
    with args -log encoder83prio.vds -m64 -mode batch -messageDb vivado.pb -notrace -source encoder83prio.tcl

WARNING: Default location for XILINX_VIVADO_HLS not found: 

****** Vivado v2015.1 (64-bit)
  **** SW Build 1215546 on Mon Apr 27 19:22:08 MDT 2015
  **** IP Build 1209967 on Tue Apr 21 11:39:20 MDT 2015
    ** Copyright 1986-2015 Xilinx, Inc. All Rights Reserved.

source encoder83prio.tcl -notrace
Command: synth_design -top encoder83prio -part xc7vx485tffg1157-1
Starting synth_design
Attempting to get a license for feature 'Synthesis' and/or device 'xc7vx485t'
INFO: [Common 17-349] Got license for feature 'Synthesis' and/or device 'xc7vx485t'
INFO: [Common 17-1223] The version limit for your license is '2016.09' and will expire in -1763 days. A version limit expiration means that, although you may be able to continue to use the current version of tools or IP with this license, you will not be eligible for any updates or new releases.
---------------------------------------------------------------------------------
Starting Synthesize : Time (s): cpu = 00:00:04 ; elapsed = 00:00:09 . Memory (MB): peak = 264.148 ; gain = 86.711
---------------------------------------------------------------------------------
INFO: [Synth 8-638] synthesizing module 'encoder83prio' [C:/Users/ECADVLSI/Documents/Pacchu_437/Exp_3_EncoderPriority/Exp_3_Encoder83.srcs/sources_1/new/Encoder83.v:3]
WARNING: [Synth 8-153] case item 8'b1xxxxxxx will never be executed [C:/Users/ECADVLSI/Documents/Pacchu_437/Exp_3_EncoderPriority/Exp_3_Encoder83.srcs/sources_1/new/Encoder83.v:10]
WARNING: [Synth 8-153] case item 8'b01xxxxxx will never be executed [C:/Users/ECADVLSI/Documents/Pacchu_437/Exp_3_EncoderPriority/Exp_3_Encoder83.srcs/sources_1/new/Encoder83.v:10]
WARNING: [Synth 8-153] case item 8'b001xxxxx will never be executed [C:/Users/ECADVLSI/Documents/Pacchu_437/Exp_3_EncoderPriority/Exp_3_Encoder83.srcs/sources_1/new/Encoder83.v:10]
WARNING: [Synth 8-153] case item 8'b0001xxxx will never be executed [C:/Users/ECADVLSI/Documents/Pacchu_437/Exp_3_EncoderPriority/Exp_3_Encoder83.srcs/sources_1/new/Encoder83.v:10]
WARNING: [Synth 8-153] case item 8'b00001xxx will never be executed [C:/Users/ECADVLSI/Documents/Pacchu_437/Exp_3_EncoderPriority/Exp_3_Encoder83.srcs/sources_1/new/Encoder83.v:10]
WARNING: [Synth 8-153] case item 8'b000001xx will never be executed [C:/Users/ECADVLSI/Documents/Pacchu_437/Exp_3_EncoderPriority/Exp_3_Encoder83.srcs/sources_1/new/Encoder83.v:10]
WARNING: [Synth 8-153] case item 8'b0100001x will never be executed [C:/Users/ECADVLSI/Documents/Pacchu_437/Exp_3_EncoderPriority/Exp_3_Encoder83.srcs/sources_1/new/Encoder83.v:10]
INFO: [Synth 8-256] done synthesizing module 'encoder83prio' (1#1) [C:/Users/ECADVLSI/Documents/Pacchu_437/Exp_3_EncoderPriority/Exp_3_Encoder83.srcs/sources_1/new/Encoder83.v:3]
WARNING: [Synth 8-3331] design encoder83prio has unconnected port d[7]
WARNING: [Synth 8-3331] design encoder83prio has unconnected port d[6]
WARNING: [Synth 8-3331] design encoder83prio has unconnected port d[5]
WARNING: [Synth 8-3331] design encoder83prio has unconnected port d[4]
WARNING: [Synth 8-3331] design encoder83prio has unconnected port d[3]
WARNING: [Synth 8-3331] design encoder83prio has unconnected port d[2]
WARNING: [Synth 8-3331] design encoder83prio has unconnected port d[1]
WARNING: [Synth 8-3331] design encoder83prio has unconnected port d[0]
---------------------------------------------------------------------------------
Finished Synthesize : Time (s): cpu = 00:00:05 ; elapsed = 00:00:10 . Memory (MB): peak = 298.301 ; gain = 120.863
---------------------------------------------------------------------------------
---------------------------------------------------------------------------------
Finished Constraint Validation : Time (s): cpu = 00:00:05 ; elapsed = 00:00:10 . Memory (MB): peak = 298.301 ; gain = 120.863
---------------------------------------------------------------------------------
---------------------------------------------------------------------------------
Start Loading Part and Timing Information
---------------------------------------------------------------------------------
Loading part: xc7vx485tffg1157-1
---------------------------------------------------------------------------------
Finished Loading Part and Timing Information : Time (s): cpu = 00:00:05 ; elapsed = 00:00:10 . Memory (MB): peak = 298.301 ; gain = 120.863
---------------------------------------------------------------------------------
INFO: [Device 21-403] Loading part xc7vx485tffg1157-1
---------------------------------------------------------------------------------
Finished RTL Optimization Phase 2 : Time (s): cpu = 00:00:05 ; elapsed = 00:00:10 . Memory (MB): peak = 305.254 ; gain = 127.816
---------------------------------------------------------------------------------

Report RTL Partitions: 
+-+--------------+------------+----------+
| |RTL Partition |Replication |Instances |
+-+--------------+------------+----------+
+-+--------------+------------+----------+
No constraint files found.
---------------------------------------------------------------------------------
Start RTL Component Statistics 
---------------------------------------------------------------------------------
Detailed RTL Component Info : 
---------------------------------------------------------------------------------
Finished RTL Component Statistics 
---------------------------------------------------------------------------------
---------------------------------------------------------------------------------
Start RTL Hierarchical Component Statistics 
---------------------------------------------------------------------------------
Hierarchical RTL Component report 
---------------------------------------------------------------------------------
Finished RTL Hierarchical Component Statistics
---------------------------------------------------------------------------------
---------------------------------------------------------------------------------
Start Part Resource Summary
---------------------------------------------------------------------------------
Part Resources:
DSPs: 2800 (col length:140)
BRAMs: 2060 (col length: RAMB18 140 RAMB36 70)
---------------------------------------------------------------------------------
Finished Part Resource Summary
---------------------------------------------------------------------------------
Start Parallel Synthesis Optimization  : Time (s): cpu = 00:00:11 ; elapsed = 00:00:20 . Memory (MB): peak = 568.250 ; gain = 390.813
---------------------------------------------------------------------------------
Start Cross Boundary Optimization
---------------------------------------------------------------------------------
WARNING: [Synth 8-3331] design encoder83prio has unconnected port d[7]
WARNING: [Synth 8-3331] design encoder83prio has unconnected port d[6]
WARNING: [Synth 8-3331] design encoder83prio has unconnected port d[5]
WARNING: [Synth 8-3331] design encoder83prio has unconnected port d[4]
WARNING: [Synth 8-3331] design encoder83prio has unconnected port d[3]
WARNING: [Synth 8-3331] design encoder83prio has unconnected port d[2]
WARNING: [Synth 8-3331] design encoder83prio has unconnected port d[1]
WARNING: [Synth 8-3331] design encoder83prio has unconnected port d[0]
---------------------------------------------------------------------------------
Finished Cross Boundary Optimization : Time (s): cpu = 00:00:11 ; elapsed = 00:00:20 . Memory (MB): peak = 568.250 ; gain = 390.813
---------------------------------------------------------------------------------
Finished Parallel Reinference  : Time (s): cpu = 00:00:11 ; elapsed = 00:00:20 . Memory (MB): peak = 568.250 ; gain = 390.813

Report RTL Partitions: 
+-+--------------+------------+----------+
| |RTL Partition |Replication |Instances |
+-+--------------+------------+----------+
+-+--------------+------------+----------+
No constraint files found.
---------------------------------------------------------------------------------
Start Area Optimization
---------------------------------------------------------------------------------
---------------------------------------------------------------------------------
Finished Area Optimization : Time (s): cpu = 00:00:11 ; elapsed = 00:00:20 . Memory (MB): peak = 568.250 ; gain = 390.813
---------------------------------------------------------------------------------
Finished Parallel Area Optimization  : Time (s): cpu = 00:00:11 ; elapsed = 00:00:21 . Memory (MB): peak = 568.250 ; gain = 390.813

Report RTL Partitions: 
+-+--------------+------------+----------+
| |RTL Partition |Replication |Instances |
+-+--------------+------------+----------+
+-+--------------+------------+----------+
Finished Parallel Synthesis Optimization  : Time (s): cpu = 00:00:11 ; elapsed = 00:00:21 . Memory (MB): peak = 568.250 ; gain = 390.813
---------------------------------------------------------------------------------
Start Timing Optimization
---------------------------------------------------------------------------------
No constraint files found.
---------------------------------------------------------------------------------
Finished Timing Optimization : Time (s): cpu = 00:00:11 ; elapsed = 00:00:21 . Memory (MB): peak = 568.250 ; gain = 390.813
---------------------------------------------------------------------------------

Report RTL Partitions: 
+-+--------------+------------+----------+
| |RTL Partition |Replication |Instances |
+-+--------------+------------+----------+
+-+--------------+------------+----------+
---------------------------------------------------------------------------------
Start Technology Mapping
---------------------------------------------------------------------------------
---------------------------------------------------------------------------------
Finished Technology Mapping : Time (s): cpu = 00:00:11 ; elapsed = 00:00:21 . Memory (MB): peak = 568.250 ; gain = 390.813
---------------------------------------------------------------------------------

Report RTL Partitions: 
+-+--------------+------------+----------+
| |RTL Partition |Replication |Instances |
+-+--------------+------------+----------+
+-+--------------+------------+----------+
---------------------------------------------------------------------------------
Start IO Insertion
---------------------------------------------------------------------------------
---------------------------------------------------------------------------------
Start Final Netlist Cleanup
---------------------------------------------------------------------------------
---------------------------------------------------------------------------------
Finished Final Netlist Cleanup
---------------------------------------------------------------------------------
---------------------------------------------------------------------------------
Finished IO Insertion : Time (s): cpu = 00:00:12 ; elapsed = 00:00:21 . Memory (MB): peak = 568.250 ; gain = 390.813
---------------------------------------------------------------------------------

Report Check Netlist: 
+------+------------------+-------+---------+-------+------------------+
|      |Item              |Errors |Warnings |Status |Description       |
+------+------------------+-------+---------+-------+------------------+
|1     |multi_driven_nets |      0|        0|Passed |Multi driven nets |
+------+------------------+-------+---------+-------+------------------+
---------------------------------------------------------------------------------
Start Renaming Generated Instances
---------------------------------------------------------------------------------
---------------------------------------------------------------------------------
Finished Renaming Generated Instances : Time (s): cpu = 00:00:12 ; elapsed = 00:00:21 . Memory (MB): peak = 568.250 ; gain = 390.813
---------------------------------------------------------------------------------

Report RTL Partitions: 
+-+--------------+------------+----------+
| |RTL Partition |Replication |Instances |
+-+--------------+------------+----------+
+-+--------------+------------+----------+
---------------------------------------------------------------------------------
Start Rebuilding User Hierarchy
---------------------------------------------------------------------------------
---------------------------------------------------------------------------------
Finished Rebuilding User Hierarchy : Time (s): cpu = 00:00:12 ; elapsed = 00:00:21 . Memory (MB): peak = 568.250 ; gain = 390.813
---------------------------------------------------------------------------------
---------------------------------------------------------------------------------
Start Renaming Generated Ports : Time (s): cpu = 00:00:12 ; elapsed = 00:00:21 . Memory (MB): peak = 568.250 ; gain = 390.813
---------------------------------------------------------------------------------
---------------------------------------------------------------------------------
Finished Renaming Generated Ports : Time (s): cpu = 00:00:12 ; elapsed = 00:00:21 . Memory (MB): peak = 568.250 ; gain = 390.813
---------------------------------------------------------------------------------
---------------------------------------------------------------------------------
Start Writing Synthesis Report
---------------------------------------------------------------------------------

Report BlackBoxes: 
+-+--------------+----------+
| |BlackBox name |Instances |
+-+--------------+----------+
+-+--------------+----------+

Report Cell Usage: 
+------+------+------+
|      |Cell  |Count |
+------+------+------+
|1     |LUT1  |     1|
|2     |IBUF  |     1|
|3     |OBUFT |     3|
+------+------+------+

Report Instance Areas: 
+------+---------+-------+------+
|      |Instance |Module |Cells |
+------+---------+-------+------+
|1     |top      |       |     5|
+------+---------+-------+------+
---------------------------------------------------------------------------------
Finished Writing Synthesis Report : Time (s): cpu = 00:00:12 ; elapsed = 00:00:21 . Memory (MB): peak = 568.250 ; gain = 390.813
---------------------------------------------------------------------------------
Synthesis finished with 0 errors, 0 critical warnings and 23 warnings.
Synthesis Optimization Runtime : Time (s): cpu = 00:00:10 ; elapsed = 00:00:14 . Memory (MB): peak = 568.250 ; gain = 355.035
Synthesis Optimization Complete : Time (s): cpu = 00:00:12 ; elapsed = 00:00:21 . Memory (MB): peak = 568.250 ; gain = 390.813
INFO: [Project 1-571] Translating synthesized netlist
INFO: [Netlist 29-17] Analyzing 1 Unisim elements for replacement
INFO: [Netlist 29-28] Unisim Transformation completed in 0 CPU seconds
INFO: [Project 1-570] Preparing netlist for logic optimization
INFO: [Opt 31-138] Pushed 0 inverter(s) to 0 load pin(s).
INFO: [Project 1-111] Unisim Transformation Summary:
No Unisim elements were transformed.

INFO: [Common 17-83] Releasing license: Synthesis
12 Infos, 23 Warnings, 0 Critical Warnings and 0 Errors encountered.
synth_design completed successfully
synth_design: Time (s): cpu = 00:00:11 ; elapsed = 00:00:18 . Memory (MB): peak = 635.863 ; gain = 425.902
report_utilization: Time (s): cpu = 00:00:00 ; elapsed = 00:00:00.109 . Memory (MB): peak = 635.863 ; gain = 0.000
INFO: [Common 17-206] Exiting Vivado at Thu Jul 29 10:40:33 2021...
